<?xml version="1.0" encoding="UTF-8"?>
<!-- Generated by org.testng.reporters.JUnitReportReporter -->
<testsuite hostname="ATL-ASHARMA3" failures="0" tests="1" name="pagefactory.FrontierHomePage" time="5.967" errors="0" timestamp="2025-01-23T19:20:37 EST" skipped="0">
  <testcase classname="pagefactory.FrontierHomePage" name="checkAvailability" time="5.967"/>
</testsuite> <!-- pagefactory.FrontierHomePage -->
