<?xml version="1.0" encoding="UTF-8"?>
<!-- Generated by org.testng.reporters.JUnitReportReporter -->
<testsuite hostname="ATL-ASHARMA3" failures="0" tests="1" name="tests.FrontierValidAddressCheckTest" time="14.868" errors="0" timestamp="2025-01-24T00:42:57 EST" skipped="0">
  <testcase classname="tests.FrontierValidAddressCheckTest" name="checkAvailability" time="14.868">
    <system-out>
      <![CDATA[Test Method passed from class:tests.FrontierValidAddressCheckTest
Test Method name is: checkAvailability]]>
    </system-out>
  </testcase> <!-- checkAvailability -->
  <system-out>
    <![CDATA[Starting the test from XML. Test tag name is: TestWithFirefox
Test Method passed from class:tests.FrontierValidAddressCheckTest
Test Method name is: checkAvailability
Starting the test from XML. Test tag name is: TestWithChrome
Ended the test from XML. Test tag name is: TestWithChrome]]>
  </system-out>
</testsuite> <!-- tests.FrontierValidAddressCheckTest -->
